<?xml version="1.0" encoding="UTF-8" ?>
<testsuite tests="4" failures="4" name="autocucumber.RunCucumberTest" time="34.21" errors="0" skipped="0">
  <properties>
[...]
</properties>
  <testcase classname="EMPTY_NAME" name="+ two numbers" time="8.771">
    <failure message="expected:&lt;1[]&gt; but was:&lt;1[0]&gt;" type="org.junit.ComparisonFailure">org.junit.ComparisonFailure: expected:&lt;1[]&gt; but was:&lt;1[0]&gt;
	at org.junit.Assert.assertEquals(Assert.java:117)
	at org.junit.Assert.assertEquals(Assert.java:146)
	at autocucumber.stepdefinitions.CalculateDefinitions.the_result_should_be(CalculateDefinitions.java:40)
	at ✽.the result should be 10(file:///C:/Users/Ga%20WBC/auto-cucumber/src/test/resources/autocucumber/calculator.feature:7)
</failure>
    <system-out>
Scenario Outline: + two numbers &amp;#27;[90m# src/test/resources/autocucumber/calculator.feature:10&amp;#27;[0m
  &amp;#27;[32mGiven &amp;#27;[0m&amp;#27;[32mOpen page desmos.com&amp;#27;[0m    &amp;#27;[90m# autocucumber.stepdefinitions.CalculateDefinitions.open_page_desmos_com()&amp;#27;[0m
  &amp;#27;[32mWhen &amp;#27;[0m&amp;#27;[32mEnter the number one &amp;#27;[0m&amp;#27;[32m&amp;#27;[1m9&amp;#27;[0m   &amp;#27;[90m# autocucumber.stepdefinitions.CalculateDefinitions.enter_the_number_one(java.lang.String)&amp;#27;[0m
  &amp;#27;[32mAnd &amp;#27;[0m&amp;#27;[32mEnter the operator &amp;#27;[0m&amp;#27;[32m&amp;#27;[1m+&amp;#27;[0m      &amp;#27;[90m# autocucumber.stepdefinitions.CalculateDefinitions.enter_the_operator(java.lang.String)&amp;#27;[0m
  &amp;#27;[32mAnd &amp;#27;[0m&amp;#27;[32mEnter the number two &amp;#27;[0m&amp;#27;[32m&amp;#27;[1m1&amp;#27;[0m    &amp;#27;[90m# autocucumber.stepdefinitions.CalculateDefinitions.enter_the_number_two(java.lang.String)&amp;#27;[0m
  &amp;#27;[31mThen &amp;#27;[0m&amp;#27;[31mthe result should be &amp;#27;[0m&amp;#27;[31m&amp;#27;[1m10&amp;#27;[0m  &amp;#27;[90m# autocucumber.stepdefinitions.CalculateDefinitions.the_result_should_be(java.lang.String)&amp;#27;[0m
      &amp;#27;[31morg.junit.ComparisonFailure: expected:&lt;1[]&gt; but was:&lt;1[0]&gt;
	at org.junit.Assert.assertEquals(Assert.java:117)
	at org.junit.Assert.assertEquals(Assert.java:146)
	at autocucumber.stepdefinitions.CalculateDefinitions.the_result_should_be(CalculateDefinitions.java:40)
	at ?.the result should be 10(file:///C:/Users/Ga%20WBC/auto-cucumber/src/test/resources/autocucumber/calculator.feature:7)
&amp;#27;[0m

    Embedding null [image/png 42905 bytes]

</system-out>
    <system-err>May 24, 2020 10:45:01 PM io.cucumber.junit.Cucumber &lt;init&gt;
WARNING: By default Cucumber is running in --non-strict mode.
This default will change to --strict and --non-strict will be removed.
You can use --strict or @CucumberOptions(strict = true) to suppress this warning
Starting ChromeDriver 83.0.4103.39 (ccbf011cb2d2b19b506d844400483861342c20cd-refs/branch-heads/4103@{#416}) on port 13579
Only local connections are allowed.
Please see https://chromedriver.chromium.org/security-considerations for suggestions on keeping ChromeDriver safe.
ChromeDriver was started successfully.
May 24, 2020 10:45:05 PM org.openqa.selenium.remote.ProtocolHandshake createSession
INFO: Detected dialect: W3C
</system-err>
  </testcase>
  <testcase classname="EMPTY_NAME" name="- two numbers" time="8.703">
    <failure message="expected:&lt;[]3&gt; but was:&lt;[-]3&gt;" type="org.junit.ComparisonFailure">org.junit.ComparisonFailure: expected:&lt;[]3&gt; but was:&lt;[-]3&gt;
	at org.junit.Assert.assertEquals(Assert.java:117)
	at org.junit.Assert.assertEquals(Assert.java:146)
	at autocucumber.stepdefinitions.CalculateDefinitions.the_result_should_be(CalculateDefinitions.java:40)
	at ✽.the result should be -3(file:///C:/Users/Ga%20WBC/auto-cucumber/src/test/resources/autocucumber/calculator.feature:7)
</failure>
    <system-out>
Scenario Outline: - two numbers &amp;#27;[90m# src/test/resources/autocucumber/calculator.feature:11&amp;#27;[0m
  &amp;#27;[32mGiven &amp;#27;[0m&amp;#27;[32mOpen page desmos.com&amp;#27;[0m    &amp;#27;[90m# autocucumber.stepdefinitions.CalculateDefinitions.open_page_desmos_com()&amp;#27;[0m
  &amp;#27;[32mWhen &amp;#27;[0m&amp;#27;[32mEnter the number one &amp;#27;[0m&amp;#27;[32m&amp;#27;[1m6&amp;#27;[0m   &amp;#27;[90m# autocucumber.stepdefinitions.CalculateDefinitions.enter_the_number_one(java.lang.String)&amp;#27;[0m
  &amp;#27;[32mAnd &amp;#27;[0m&amp;#27;[32mEnter the operator &amp;#27;[0m&amp;#27;[32m&amp;#27;[1m-&amp;#27;[0m      &amp;#27;[90m# autocucumber.stepdefinitions.CalculateDefinitions.enter_the_operator(java.lang.String)&amp;#27;[0m
  &amp;#27;[32mAnd &amp;#27;[0m&amp;#27;[32mEnter the number two &amp;#27;[0m&amp;#27;[32m&amp;#27;[1m9&amp;#27;[0m    &amp;#27;[90m# autocucumber.stepdefinitions.CalculateDefinitions.enter_the_number_two(java.lang.String)&amp;#27;[0m
  &amp;#27;[31mThen &amp;#27;[0m&amp;#27;[31mthe result should be &amp;#27;[0m&amp;#27;[31m&amp;#27;[1m-3&amp;#27;[0m  &amp;#27;[90m# autocucumber.stepdefinitions.CalculateDefinitions.the_result_should_be(java.lang.String)&amp;#27;[0m
      &amp;#27;[31morg.junit.ComparisonFailure: expected:&lt;[]3&gt; but was:&lt;[-]3&gt;
	at org.junit.Assert.assertEquals(Assert.java:117)
	at org.junit.Assert.assertEquals(Assert.java:146)
	at autocucumber.stepdefinitions.CalculateDefinitions.the_result_should_be(CalculateDefinitions.java:40)
	at ?.the result should be -3(file:///C:/Users/Ga%20WBC/auto-cucumber/src/test/resources/autocucumber/calculator.feature:7)
&amp;#27;[0m

    Embedding null [image/png 42637 bytes]

</system-out>
    <system-err>Starting ChromeDriver 83.0.4103.39 (ccbf011cb2d2b19b506d844400483861342c20cd-refs/branch-heads/4103@{#416}) on port 35763
Only local connections are allowed.
Please see https://chromedriver.chromium.org/security-considerations for suggestions on keeping ChromeDriver safe.
ChromeDriver was started successfully.
May 24, 2020 10:45:13 PM org.openqa.selenium.remote.ProtocolHandshake createSession
INFO: Detected dialect: W3C
</system-err>
  </testcase>
  <testcase classname="EMPTY_NAME" name="* two numbers" time="8.731">
    <failure message="expected:&lt;1[]&gt; but was:&lt;1[6]&gt;" type="org.junit.ComparisonFailure">org.junit.ComparisonFailure: expected:&lt;1[]&gt; but was:&lt;1[6]&gt;
	at org.junit.Assert.assertEquals(Assert.java:117)
	at org.junit.Assert.assertEquals(Assert.java:146)
	at autocucumber.stepdefinitions.CalculateDefinitions.the_result_should_be(CalculateDefinitions.java:40)
	at ✽.the result should be 16(file:///C:/Users/Ga%20WBC/auto-cucumber/src/test/resources/autocucumber/calculator.feature:7)
</failure>
    <system-out>
Scenario Outline: * two numbers &amp;#27;[90m# src/test/resources/autocucumber/calculator.feature:12&amp;#27;[0m
  &amp;#27;[32mGiven &amp;#27;[0m&amp;#27;[32mOpen page desmos.com&amp;#27;[0m    &amp;#27;[90m# autocucumber.stepdefinitions.CalculateDefinitions.open_page_desmos_com()&amp;#27;[0m
  &amp;#27;[32mWhen &amp;#27;[0m&amp;#27;[32mEnter the number one &amp;#27;[0m&amp;#27;[32m&amp;#27;[1m8&amp;#27;[0m   &amp;#27;[90m# autocucumber.stepdefinitions.CalculateDefinitions.enter_the_number_one(java.lang.String)&amp;#27;[0m
  &amp;#27;[32mAnd &amp;#27;[0m&amp;#27;[32mEnter the operator &amp;#27;[0m&amp;#27;[32m&amp;#27;[1m*&amp;#27;[0m      &amp;#27;[90m# autocucumber.stepdefinitions.CalculateDefinitions.enter_the_operator(java.lang.String)&amp;#27;[0m
  &amp;#27;[32mAnd &amp;#27;[0m&amp;#27;[32mEnter the number two &amp;#27;[0m&amp;#27;[32m&amp;#27;[1m2&amp;#27;[0m    &amp;#27;[90m# autocucumber.stepdefinitions.CalculateDefinitions.enter_the_number_two(java.lang.String)&amp;#27;[0m
  &amp;#27;[31mThen &amp;#27;[0m&amp;#27;[31mthe result should be &amp;#27;[0m&amp;#27;[31m&amp;#27;[1m16&amp;#27;[0m  &amp;#27;[90m# autocucumber.stepdefinitions.CalculateDefinitions.the_result_should_be(java.lang.String)&amp;#27;[0m
      &amp;#27;[31morg.junit.ComparisonFailure: expected:&lt;1[]&gt; but was:&lt;1[6]&gt;
	at org.junit.Assert.assertEquals(Assert.java:117)
	at org.junit.Assert.assertEquals(Assert.java:146)
	at autocucumber.stepdefinitions.CalculateDefinitions.the_result_should_be(CalculateDefinitions.java:40)
	at ?.the result should be 16(file:///C:/Users/Ga%20WBC/auto-cucumber/src/test/resources/autocucumber/calculator.feature:7)
&amp;#27;[0m

    Embedding null [image/png 38308 bytes]

</system-out>
    <system-err>Starting ChromeDriver 83.0.4103.39 (ccbf011cb2d2b19b506d844400483861342c20cd-refs/branch-heads/4103@{#416}) on port 23958
Only local connections are allowed.
Please see https://chromedriver.chromium.org/security-considerations for suggestions on keeping ChromeDriver safe.
ChromeDriver was started successfully.
May 24, 2020 10:45:22 PM org.openqa.selenium.remote.ProtocolHandshake createSession
INFO: Detected dialect: W3C
</system-err>
  </testcase>
  <testcase classname="EMPTY_NAME" name="/ two numbers" time="8.005">
    <failure message="expected:&lt;3[]&gt; but was:&lt;3[.5]&gt;" type="org.junit.ComparisonFailure">org.junit.ComparisonFailure: expected:&lt;3[]&gt; but was:&lt;3[.5]&gt;
	at org.junit.Assert.assertEquals(Assert.java:117)
	at org.junit.Assert.assertEquals(Assert.java:146)
	at autocucumber.stepdefinitions.CalculateDefinitions.the_result_should_be(CalculateDefinitions.java:40)
	at ✽.the result should be 3.5(file:///C:/Users/Ga%20WBC/auto-cucumber/src/test/resources/autocucumber/calculator.feature:7)
</failure>
    <system-out>
Scenario Outline: / two numbers &amp;#27;[90m# src/test/resources/autocucumber/calculator.feature:13&amp;#27;[0m
  &amp;#27;[32mGiven &amp;#27;[0m&amp;#27;[32mOpen page desmos.com&amp;#27;[0m    &amp;#27;[90m# autocucumber.stepdefinitions.CalculateDefinitions.open_page_desmos_com()&amp;#27;[0m
  &amp;#27;[32mWhen &amp;#27;[0m&amp;#27;[32mEnter the number one &amp;#27;[0m&amp;#27;[32m&amp;#27;[1m7&amp;#27;[0m   &amp;#27;[90m# autocucumber.stepdefinitions.CalculateDefinitions.enter_the_number_one(java.lang.String)&amp;#27;[0m
  &amp;#27;[32mAnd &amp;#27;[0m&amp;#27;[32mEnter the operator &amp;#27;[0m&amp;#27;[32m&amp;#27;[1m/&amp;#27;[0m      &amp;#27;[90m# autocucumber.stepdefinitions.CalculateDefinitions.enter_the_operator(java.lang.String)&amp;#27;[0m
  &amp;#27;[32mAnd &amp;#27;[0m&amp;#27;[32mEnter the number two &amp;#27;[0m&amp;#27;[32m&amp;#27;[1m2&amp;#27;[0m    &amp;#27;[90m# autocucumber.stepdefinitions.CalculateDefinitions.enter_the_number_two(java.lang.String)&amp;#27;[0m
  &amp;#27;[31mThen &amp;#27;[0m&amp;#27;[31mthe result should be &amp;#27;[0m&amp;#27;[31m&amp;#27;[1m3.5&amp;#27;[0m &amp;#27;[90m# autocucumber.stepdefinitions.CalculateDefinitions.the_result_should_be(java.lang.String)&amp;#27;[0m
      &amp;#27;[31morg.junit.ComparisonFailure: expected:&lt;3[]&gt; but was:&lt;3[.5]&gt;
	at org.junit.Assert.assertEquals(Assert.java:117)
	at org.junit.Assert.assertEquals(Assert.java:146)
	at autocucumber.stepdefinitions.CalculateDefinitions.the_result_should_be(CalculateDefinitions.java:40)
	at ?.the result should be 3.5(file:///C:/Users/Ga%20WBC/auto-cucumber/src/test/resources/autocucumber/calculator.feature:7)
&amp;#27;[0m

    Embedding null [image/png 39799 bytes]

</system-out>
    <system-err>Starting ChromeDriver 83.0.4103.39 (ccbf011cb2d2b19b506d844400483861342c20cd-refs/branch-heads/4103@{#416}) on port 39388
Only local connections are allowed.
Please see https://chromedriver.chromium.org/security-considerations for suggestions on keeping ChromeDriver safe.
ChromeDriver was started successfully.
May 24, 2020 10:45:31 PM org.openqa.selenium.remote.ProtocolHandshake createSession
INFO: Detected dialect: W3C
</system-err>
  </testcase>
</testsuite>